This is e-pTeX, Version 3.14159265-p3.8.0-180226-2.6 (utf8.euc) (TeX Live 2018) (preloaded format=platex 2018.12.21)  25 JAN 2019 16:16
entering extended mode
 restricted \write18 enabled.
 file:line:error style messages enabled.
 %&-line parsing enabled.
**funthesis.cls
(./funthesis.cls
pLaTeX2e <2018-04-01>+1 (based on LaTeX2e <2018-04-01> patch level 2)
Babel <3.18> and hyphenation patterns for 84 language(s) loaded.

LaTeX Warning: You have requested package `',
               but the package provides `funthesis'.

Package: funthesis 2004/11/10 v1.50 FUN Thesis pLaTeX class
\c@@paper=\count83

./funthesis.cls:57: LaTeX Error: Missing \begin{document}.

See the LaTeX manual or LaTeX Companion for explanation.
Type  H <return>  for immediate help.
 ...                                              
                                                  
l.57 \newif\if@
               landscape \@landscapefalse
? 
./funthesis.cls:57: Emergency stop.
 ...                                              
                                                  
l.57 \newif\if@
               landscape \@landscapefalse
You're in trouble here.  Try typing  <return>  to proceed.
If that doesn't work, type  X <return>  to quit.

 
Here is how much of TeX's memory you used:
 13 strings out of 493281
 235 string characters out of 6145040
 60883 words of memory out of 5000000
 4042 multiletter control sequences out of 15000+600000
 7511 words of font info for 31 fonts, out of 8000000 for 9000
 929 hyphenation exceptions out of 8191
 9i,0n,15p,93b,14s stack positions out of 5000i,500n,10000p,200000b,80000s
No pages of output.
