This is e-pTeX, Version 3.14159265-p3.8.0-180226-2.6 (utf8.euc) (TeX Live 2018) (preloaded format=platex 2018.12.21)  27 JAN 2019 16:04
entering extended mode
 restricted \write18 enabled.
 file:line:error style messages enabled.
 %&-line parsing enabled.
**main.tex
(./main.tex
pLaTeX2e <2018-04-01>+1 (based on LaTeX2e <2018-04-01> patch level 2)
Babel <3.18> and hyphenation patterns for 84 language(s) loaded.
(./funthesis.cls
Document Class: funthesis 2004/11/10 v1.50 FUN Thesis pLaTeX class
\c@@paper=\count83
(/usr/local/texlive/2018/texmf-dist/tex/platex/base/jsize11.clo
File: jsize11.clo 2018/02/04 v1.7h Standard pLaTeX file (size option)
)
\c@part=\count84
\c@chapter=\count85
\c@section=\count86
\c@subsection=\count87
\c@subsubsection=\count88
\c@paragraph=\count89
\c@subparagraph=\count90
\c@figure=\count91
\c@table=\count92
\abovecaptionskip=\skip41
\belowcaptionskip=\skip42
\symmincho=\mathgroup4
LaTeX Font Info:    Overwriting symbol font `mincho' in version `bold'
(Font)                  JY1/mc/m/n --> JY1/gt/m/n on input line 811.
\toclineskip=\dimen118
\@lnumwidth=\dimen119
\bibindent=\dimen120
\heisei=\count93
\heiseinendo=\count94
\yearnendo=\count95
)
(/usr/local/texlive/2018/texmf-dist/tex/latex/graphics/graphicx.sty
Package: graphicx 2017/06/01 v1.1a Enhanced LaTeX Graphics (DPC,SPQR)

(/usr/local/texlive/2018/texmf-dist/tex/latex/graphics/keyval.sty
Package: keyval 2014/10/28 v1.15 key=value parser (DPC)
\KV@toks@=\toks15
)
(/usr/local/texlive/2018/texmf-dist/tex/latex/graphics/graphics.sty
Package: graphics 2017/06/25 v1.2c Standard LaTeX Graphics (DPC,SPQR)

(/usr/local/texlive/2018/texmf-dist/tex/latex/graphics/trig.sty
Package: trig 2016/01/03 v1.10 sin cos tan (DPC)
)
(/usr/local/texlive/2018/texmf-dist/tex/latex/graphics-cfg/graphics.cfg
File: graphics.cfg 2016/06/04 v1.11 sample graphics configuration
)
Package graphics Info: Driver file: dvipdfmx.def on input line 99.

(/usr/local/texlive/2018/texmf-dist/tex/latex/graphics-def/dvipdfmx.def
File: dvipdfmx.def 2017/06/24 v5.0g Graphics/color driver for dvipdfmx
))
\Gin@req@height=\dimen121
\Gin@req@width=\dimen122
)
(/usr/local/texlive/2018/texmf-dist/tex/latex/here/here.sty)
(/usr/local/texlive/2018/texmf-dist/tex/latex/float/float.sty
Package: float 2001/11/08 v1.3d Float enhancements (AL)
\c@float@type=\count96
\float@exts=\toks16
\float@box=\box42
\@float@everytoks=\toks17
\@floatcapt=\box43
) (./main.aux

LaTeX Warning: Label `testtest' multiply defined.


LaTeX Warning: Label `testtest' multiply defined.


LaTeX Warning: Label `testtest' multiply defined.


LaTeX Warning: Label `fig:seven' multiply defined.


LaTeX Warning: Label `fig:eight' multiply defined.


LaTeX Warning: Label `fig:seven' multiply defined.


LaTeX Warning: Label `fig:eight' multiply defined.


LaTeX Warning: Label `fig:seven' multiply defined.


LaTeX Warning: Label `fig:eight' multiply defined.


LaTeX Warning: Label `fig:seven' multiply defined.


LaTeX Warning: Label `fig:eight' multiply defined.


LaTeX Warning: Label `fig:seven' multiply defined.


LaTeX Warning: Label `fig:eight' multiply defined.

)
\openout1 = `main.aux'.

LaTeX Font Info:    Checking defaults for OML/cmm/m/it on input line 35.
LaTeX Font Info:    ... okay on input line 35.
LaTeX Font Info:    Checking defaults for T1/cmr/m/n on input line 35.
LaTeX Font Info:    ... okay on input line 35.
LaTeX Font Info:    Checking defaults for OT1/cmr/m/n on input line 35.
LaTeX Font Info:    ... okay on input line 35.
LaTeX Font Info:    Checking defaults for OMS/cmsy/m/n on input line 35.
LaTeX Font Info:    ... okay on input line 35.
LaTeX Font Info:    Checking defaults for OMX/cmex/m/n on input line 35.
LaTeX Font Info:    ... okay on input line 35.
LaTeX Font Info:    Checking defaults for U/cmr/m/n on input line 35.
LaTeX Font Info:    ... okay on input line 35.
LaTeX Font Info:    Checking defaults for JY1/mc/m/n on input line 35.
LaTeX Font Info:    ... okay on input line 35.
LaTeX Font Info:    Checking defaults for JT1/mc/m/n on input line 35.
LaTeX Font Info:    ... okay on input line 35.
LaTeX Font Info:    Font shape `JT1/mc/bx/n' in size <10.95> not available
(Font)              Font shape `JT1/gt/m/n' tried instead on input line 38.
LaTeX Font Info:    Font shape `JY1/mc/bx/n' in size <10.95> not available
(Font)              Font shape `JY1/gt/m/n' tried instead on input line 38.
LaTeX Font Info:    Font shape `JT1/mc/bx/n' in size <12> not available
(Font)              Font shape `JT1/gt/m/n' tried instead on input line 38.
LaTeX Font Info:    Font shape `JY1/mc/bx/n' in size <12> not available
(Font)              Font shape `JY1/gt/m/n' tried instead on input line 38.
LaTeX Font Info:    Font shape `JT1/mc/bx/n' in size <17.28> not available
(Font)              Font shape `JT1/gt/m/n' tried instead on input line 38.
LaTeX Font Info:    Font shape `JY1/mc/bx/n' in size <17.28> not available
(Font)              Font shape `JY1/gt/m/n' tried instead on input line 38.
LaTeX Font Info:    Font shape `JT1/mc/bx/n' in size <14.4> not available
(Font)              Font shape `JT1/gt/m/n' tried instead on input line 38.
LaTeX Font Info:    Font shape `JY1/mc/bx/n' in size <14.4> not available
(Font)              Font shape `JY1/gt/m/n' tried instead on input line 38.
 [1

]
LaTeX Font Info:    Font shape `JT1/mc/bx/n' in size <10> not available
(Font)              Font shape `JT1/gt/m/n' tried instead on input line 40.
LaTeX Font Info:    Font shape `JY1/mc/bx/n' in size <10> not available
(Font)              Font shape `JY1/gt/m/n' tried instead on input line 40.
 [0]
LaTeX Font Info:    Font shape `JT1/mc/bx/n' in size <20.74> not available
(Font)              Font shape `JT1/gt/m/n' tried instead on input line 59.
LaTeX Font Info:    Font shape `JY1/mc/bx/n' in size <20.74> not available
(Font)              Font shape `JY1/gt/m/n' tried instead on input line 59.
 (./main.toc
LaTeX Font Info:    External font `cmex10' loaded for size
(Font)              <10.95> on input line 2.
LaTeX Font Info:    External font `cmex10' loaded for size
(Font)              <8> on input line 2.
LaTeX Font Info:    External font `cmex10' loaded for size
(Font)              <6> on input line 2.


LaTeX Font Warning: Font shape `JT1/mc/m/it' undefined
(Font)              using `JT1/mc/m/n' instead on input line 35.


LaTeX Font Warning: Font shape `JY1/mc/m/it' undefined
(Font)              using `JY1/mc/m/n' instead on input line 35.

[1

])
\tf@toc=\write3
\openout3 = `main.toc'.

 [2]
第 1 章
[1

]
第 2 章
[2

] [3]
第 3 章
[4

]
File: figures/FFS.png Graphic file (type bmp)
<figures/FFS.png>
 [5] [6] [7]
第 4 章
File: figures/groupwork1.png Graphic file (type bmp)
<figures/groupwork1.png>
[8

]
File: figures/finalchart1.png Graphic file (type bmp)
<figures/finalchart1.png>
 [9]
File: figures/finalchart5.png Graphic file (type bmp)
<figures/finalchart5.png>
 [10]
File: figures/finalchart3.png Graphic file (type bmp)
<figures/finalchart3.png>
File: figures/finalchart2.png Graphic file (type bmp)
<figures/finalchart2.png>
File: figures/finalchart4.png Graphic file (type bmp)
<figures/finalchart4.png>
 [11] [12]
第 5 章
[13

]
File: figures/sysytemstrucuture.png Graphic file (type bmp)
<figures/sysytemstrucuture.png>
 [14]
File: figures/gamen.png Graphic file (type bmp)
<figures/gamen.png>
 [15]
File: figures/gamennsennizu2.png Graphic file (type bmp)
<figures/gamennsennizu2.png>

Overfull \hbox (8.79134pt too wide) in paragraph at lines 446--447
 [][] 
 []

[16]
File: figures/chart.png Graphic file (type bmp)
<figures/chart.png>

Overfull \hbox (8.79134pt too wide) in paragraph at lines 460--461
 [][] 
 []

[17]
File: figures/groupseisei.png Graphic file (type bmp)
<figures/groupseisei.png>

Overfull \hbox (8.79134pt too wide) in paragraph at lines 473--474
 [][] 
 []

[18]
File: figures/auto.png Graphic file (type bmp)
<figures/auto.png>

Overfull \hbox (8.79134pt too wide) in paragraph at lines 508--509
 [][] 
 []


LaTeX Warning: `h' float specifier changed to `ht'.

[19] [20]
第 6 章
File: figures/zikken1.png Graphic file (type bmp)
<figures/zikken1.png>
[21

] [22] [23]
File: figures/test.png Graphic file (type bmp)
<figures/test.png>

Overfull \hbox (8.79134pt too wide) in paragraph at lines 573--574
 [][] 
 []

File: figures/zikkennyousu.png Graphic file (type bmp)
<figures/zikkennyousu.png>
[24]
File: figures/finalExChart3.png Graphic file (type bmp)
<figures/finalExChart3.png>
File: figures/finalExChart2.png Graphic file (type bmp)
<figures/finalExChart2.png>
 [25]
File: figures/finalExChart.png Graphic file (type bmp)
<figures/finalExChart.png>
 [26]
File: figures/extest.png Graphic file (type bmp)
<figures/extest.png>
 [27]

LaTeX Warning: Reference `A6' on page 28 undefined on input line 672.

[28] [29]
第 7 章
[30

] [31

] [32

] [33] [34

]
File: figures/group1.jpg Graphic file (type bmp)
<figures/group1.jpg>
File: figures/group2.jpg Graphic file (type bmp)
<figures/group2.jpg>
File: figures/group3.jpg Graphic file (type bmp)
<figures/group3.jpg>
File: figures/group4.jpg Graphic file (type bmp)
<figures/group4.jpg>
File: figures/group5.jpg Graphic file (type bmp)
<figures/group5.jpg>
File: figures/group6.jpg Graphic file (type bmp)
<figures/group6.jpg>
File: figures/group7.jpg Graphic file (type bmp)
<figures/group7.jpg>
File: figures/group8.jpg Graphic file (type bmp)
<figures/group8.jpg>
 [35

]
File: figures/group9.jpg Graphic file (type bmp)
<figures/group9.jpg>
File: figures/group10.jpg Graphic file (type bmp)
<figures/group10.jpg>
File: figures/group11.jpg Graphic file (type bmp)
<figures/group11.jpg>
File: figures/group12.jpg Graphic file (type bmp)
<figures/group12.jpg>
 [36] [37] (./main.lof)
\tf@lof=\write4
\openout4 = `main.lof'.

 [38

] (./main.lot)
\tf@lot=\write5
\openout5 = `main.lot'.

 [39

]
(./main.aux)

LaTeX Font Warning: Some font shapes were not available, defaults substituted.


LaTeX Warning: There were undefined references.


LaTeX Warning: There were multiply-defined labels.

 ) 
Here is how much of TeX's memory you used:
 989 strings out of 493281
 12607 string characters out of 6145040
 82310 words of memory out of 5000000
 4917 multiletter control sequences out of 15000+600000
 17885 words of font info for 69 fonts, out of 8000000 for 9000
 929 hyphenation exceptions out of 8191
 28i,10n,25p,984b,377s stack positions out of 5000i,500n,10000p,200000b,80000s

Output written on main.dvi (43 pages, 117852 bytes).
